OMNeT++ Discrete Event Simulation  (C) 1992-2014 Andras Varga, OpenSim Ltd.
Version: 4.6, build: 141202-f785492, edition: Academic Public License -- NOT FOR COMMERCIAL USE
See the license for distribution terms and warranty disclaimer
Setting up Cmdenv...
Loading NED files from .: 44

Preparing for running configuration General, run #0...
Scenario: $net=tree, $numRepos=1, $numClients=8, $lam=20.0, $clientType=IRM, $alp=1, $totCont=1e9, $catAggr=1.0, $fs=spr, $ttl=1000, $mc=lce, $rs=ttl, $cDim=1e6, $ncDim=0, $tcf=Tc_Values/tc_tree_NumCl_8_NumRep_1_FS_spr_MC_lce_M_1e9_R_1e9_C_1e6_Lam_20.0.txt, $tcnf=0, $checkedNodes=0.75, $variance=0.0001, $cv=0.05, $cons=0.1, $steady=6250000, $startMode=cold, $fill=naive, $onlyMod=true, $down=1e5, $intAggr=false, $failTime=50000, $failDuration=200, $failTransient=5000, $failScenario=false, $boolEval=false, $evalInterval=10.0, $linkrate=1000000, $koff=0, $totReq=1e9, $repetition=0
Assigned runID=General-0-20170414-11:58:38-10214
Setting up network `networks.tree_network'...
Initializing...
CONTENT DISTRIBUTION
 DOWNSCALED CARDINALITY from ContentDistribution = 10000
Start content initialization...
Content initialized
-- INITIALIZATION TTL CACHE NODE # 0:
	 TC = 16661.4 s
	 TARGET CACHE: 10
-- INITIALIZATION TTL CACHE NODE # 1:
	 TC = 32486.3 s
	 TARGET CACHE: 10
-- INITIALIZATION TTL CACHE NODE # 2:
	 TC = 32484.4 s
	 TARGET CACHE: 10
-- INITIALIZATION TTL CACHE NODE # 3:
	 TC = 63008.5 s
	 TARGET CACHE: 10
-- INITIALIZATION TTL CACHE NODE # 4:
	 TC = 63015.8 s
	 TARGET CACHE: 10
-- INITIALIZATION TTL CACHE NODE # 5:
	 TC = 63013.3 s
	 TARGET CACHE: 10
-- INITIALIZATION TTL CACHE NODE # 6:
	 TC = 63004.9 s
	 TARGET CACHE: 10
-- INITIALIZATION TTL CACHE NODE # 7:
	 TC = 111020 s
	 TARGET CACHE: 10
-- INITIALIZATION TTL CACHE NODE # 8:
	 TC = 111054 s
	 TARGET CACHE: 10
-- INITIALIZATION TTL CACHE NODE # 9:
	 TC = 111043 s
	 TARGET CACHE: 10
-- INITIALIZATION TTL CACHE NODE # 10:
	 TC = 111046 s
	 TARGET CACHE: 10
-- INITIALIZATION TTL CACHE NODE # 11:
	 TC = 111048 s
	 TARGET CACHE: 10
-- INITIALIZATION TTL CACHE NODE # 12:
	 TC = 111028 s
	 TARGET CACHE: 10
-- INITIALIZATION TTL CACHE NODE # 13:
	 TC = 111019 s
	 TARGET CACHE: 10
-- INITIALIZATION TTL CACHE NODE # 14:
	 TC = 111029 s
	 TARGET CACHE: 10
Initialize STATISTICS...	Time:	0
STEADY_TIME: 6.25e+06
*** ORIGINAL CATALOG (from Statistics module): 1000000000
*** DOWNSCALING VALUE (from Statistics module): 100000
*** DOWNSCALED CATALOG (from Statistics module): 10000

REPLACEMENT STRATEGY:	ttl_cache

Running simulation...
** Event #1   T=0   Elapsed: 0.000s (0m 00s)
     Speed:     ev/sec=0   simsec/sec=0   ev/simsec=0
     Messages:  created: 93   present: 93   in FES: 32
NODE # 0 Variance: 0 SIM TIME: 2000
NODE # 0 is STABLE at # 2000 with Samples:
0 - 0 - 0 - 0 - 0 - 0 - 0 - 0 - 0 - 0 - 0 - 0 - 0 - 0 - 0 - 0 - 0 - 0 - 0 - 0 - 0 - 0 - 0 - 0 - 0 - 0 - 0 - 0 - 0 - 0 - 0 - 0 - 0 - 0 - 0 - 0 - 0 - 0 - 0 - 0 - 0 - 0 - 0 - 0 - 0 - 0 - 0 - 0 - 0 - 0 - 0 - 0 - 0 - 0 - 0 - 0 - 0 - 0 - 0 - 0 - 0 - 0 - 0 - 0 - 0 - 0 - 0 - 0 - 0 - 0 - 0 - 0 - 0 - 0 - 0 - 0 - 0 - 0 - 0 - 0 - 0 - 0 - 0 - 0 - 0 - 0 - 0 - 0 - 0 - 0 - 0 - 0 - 0 - 0 - 0 - 0 - 0 - 0 - 0 - 0 - 
NODE # 1 Variance: 0 SIM TIME: 2000
NODE # 1 is STABLE at # 2000 with Samples:
0 - 0 - 0 - 0 - 0 - 0 - 0 - 0 - 0 - 0 - 0 - 0 - 0 - 0 - 0 - 0 - 0 - 0 - 0 - 0 - 0 - 0 - 0 - 0 - 0 - 0 - 0 - 0 - 0 - 0 - 0 - 0 - 0 - 0 - 0 - 0 - 0 - 0 - 0 - 0 - 0 - 0 - 0 - 0 - 0 - 0 - 0 - 0 - 0 - 0 - 0 - 0 - 0 - 0 - 0 - 0 - 0 - 0 - 0 - 0 - 0 - 0 - 0 - 0 - 0 - 0 - 0 - 0 - 0 - 0 - 0 - 0 - 0 - 0 - 0 - 0 - 0 - 0 - 0 - 0 - 0 - 0 - 0 - 0 - 0 - 0 - 0 - 0 - 0 - 0 - 0 - 0 - 0 - 0 - 0 - 0 - 0 - 0 - 0 - 0 - 
NODE # 2 Variance: 0 SIM TIME: 2000
NODE # 2 is STABLE at # 2000 with Samples:
0 - 0 - 0 - 0 - 0 - 0 - 0 - 0 - 0 - 0 - 0 - 0 - 0 - 0 - 0 - 0 - 0 - 0 - 0 - 0 - 0 - 0 - 0 - 0 - 0 - 0 - 0 - 0 - 0 - 0 - 0 - 0 - 0 - 0 - 0 - 0 - 0 - 0 - 0 - 0 - 0 - 0 - 0 - 0 - 0 - 0 - 0 - 0 - 0 - 0 - 0 - 0 - 0 - 0 - 0 - 0 - 0 - 0 - 0 - 0 - 0 - 0 - 0 - 0 - 0 - 0 - 0 - 0 - 0 - 0 - 0 - 0 - 0 - 0 - 0 - 0 - 0 - 0 - 0 - 0 - 0 - 0 - 0 - 0 - 0 - 0 - 0 - 0 - 0 - 0 - 0 - 0 - 0 - 0 - 0 - 0 - 0 - 0 - 0 - 0 - 
NODE # 3 Variance: 0 SIM TIME: 2000
NODE # 3 is STABLE at # 2000 with Samples:
0 - 0 - 0 - 0 - 0 - 0 - 0 - 0 - 0 - 0 - 0 - 0 - 0 - 0 - 0 - 0 - 0 - 0 - 0 - 0 - 0 - 0 - 0 - 0 - 0 - 0 - 0 - 0 - 0 - 0 - 0 - 0 - 0 - 0 - 0 - 0 - 0 - 0 - 0 - 0 - 0 - 0 - 0 - 0 - 0 - 0 - 0 - 0 - 0 - 0 - 0 - 0 - 0 - 0 - 0 - 0 - 0 - 0 - 0 - 0 - 0 - 0 - 0 - 0 - 0 - 0 - 0 - 0 - 0 - 0 - 0 - 0 - 0 - 0 - 0 - 0 - 0 - 0 - 0 - 0 - 0 - 0 - 0 - 0 - 0 - 0 - 0 - 0 - 0 - 0 - 0 - 0 - 0 - 0 - 0 - 0 - 0 - 0 - 0 - 0 - 
NODE # 4 Variance: 0 SIM TIME: 2000
NODE # 4 is STABLE at # 2000 with Samples:
0 - 0 - 0 - 0 - 0 - 0 - 0 - 0 - 0 - 0 - 0 - 0 - 0 - 0 - 0 - 0 - 0 - 0 - 0 - 0 - 0 - 0 - 0 - 0 - 0 - 0 - 0 - 0 - 0 - 0 - 0 - 0 - 0 - 0 - 0 - 0 - 0 - 0 - 0 - 0 - 0 - 0 - 0 - 0 - 0 - 0 - 0 - 0 - 0 - 0 - 0 - 0 - 0 - 0 - 0 - 0 - 0 - 0 - 0 - 0 - 0 - 0 - 0 - 0 - 0 - 0 - 0 - 0 - 0 - 0 - 0 - 0 - 0 - 0 - 0 - 0 - 0 - 0 - 0 - 0 - 0 - 0 - 0 - 0 - 0 - 0 - 0 - 0 - 0 - 0 - 0 - 0 - 0 - 0 - 0 - 0 - 0 - 0 - 0 - 0 - 
NODE # 5 Variance: 0 SIM TIME: 2000
NODE # 5 is STABLE at # 2000 with Samples:
0 - 0 - 0 - 0 - 0 - 0 - 0 - 0 - 0 - 0 - 0 - 0 - 0 - 0 - 0 - 0 - 0 - 0 - 0 - 0 - 0 - 0 - 0 - 0 - 0 - 0 - 0 - 0 - 0 - 0 - 0 - 0 - 0 - 0 - 0 - 0 - 0 - 0 - 0 - 0 - 0 - 0 - 0 - 0 - 0 - 0 - 0 - 0 - 0 - 0 - 0 - 0 - 0 - 0 - 0 - 0 - 0 - 0 - 0 - 0 - 0 - 0 - 0 - 0 - 0 - 0 - 0 - 0 - 0 - 0 - 0 - 0 - 0 - 0 - 0 - 0 - 0 - 0 - 0 - 0 - 0 - 0 - 0 - 0 - 0 - 0 - 0 - 0 - 0 - 0 - 0 - 0 - 0 - 0 - 0 - 0 - 0 - 0 - 0 - 0 - 
NODE # 6 Variance: 0 SIM TIME: 2000
NODE # 6 is STABLE at # 2000 with Samples:
0 - 0 - 0 - 0 - 0 - 0 - 0 - 0 - 0 - 0 - 0 - 0 - 0 - 0 - 0 - 0 - 0 - 0 - 0 - 0 - 0 - 0 - 0 - 0 - 0 - 0 - 0 - 0 - 0 - 0 - 0 - 0 - 0 - 0 - 0 - 0 - 0 - 0 - 0 - 0 - 0 - 0 - 0 - 0 - 0 - 0 - 0 - 0 - 0 - 0 - 0 - 0 - 0 - 0 - 0 - 0 - 0 - 0 - 0 - 0 - 0 - 0 - 0 - 0 - 0 - 0 - 0 - 0 - 0 - 0 - 0 - 0 - 0 - 0 - 0 - 0 - 0 - 0 - 0 - 0 - 0 - 0 - 0 - 0 - 0 - 0 - 0 - 0 - 0 - 0 - 0 - 0 - 0 - 0 - 0 - 0 - 0 - 0 - 0 - 0 - 
NODE # 7 Variance: 0 SIM TIME: 2000
NODE # 7 is STABLE at # 2000 with Samples:
0 - 0 - 0 - 0 - 0 - 0 - 0 - 0 - 0 - 0 - 0 - 0 - 0 - 0 - 0 - 0 - 0 - 0 - 0 - 0 - 0 - 0 - 0 - 0 - 0 - 0 - 0 - 0 - 0 - 0 - 0 - 0 - 0 - 0 - 0 - 0 - 0 - 0 - 0 - 0 - 0 - 0 - 0 - 0 - 0 - 0 - 0 - 0 - 0 - 0 - 0 - 0 - 0 - 0 - 0 - 0 - 0 - 0 - 0 - 0 - 0 - 0 - 0 - 0 - 0 - 0 - 0 - 0 - 0 - 0 - 0 - 0 - 0 - 0 - 0 - 0 - 0 - 0 - 0 - 0 - 0 - 0 - 0 - 0 - 0 - 0 - 0 - 0 - 0 - 0 - 0 - 0 - 0 - 0 - 0 - 0 - 0 - 0 - 0 - 0 - 
NODE # 8 Variance: 0 SIM TIME: 2000
NODE # 8 is STABLE at # 2000 with Samples:
0 - 0 - 0 - 0 - 0 - 0 - 0 - 0 - 0 - 0 - 0 - 0 - 0 - 0 - 0 - 0 - 0 - 0 - 0 - 0 - 0 - 0 - 0 - 0 - 0 - 0 - 0 - 0 - 0 - 0 - 0 - 0 - 0 - 0 - 0 - 0 - 0 - 0 - 0 - 0 - 0 - 0 - 0 - 0 - 0 - 0 - 0 - 0 - 0 - 0 - 0 - 0 - 0 - 0 - 0 - 0 - 0 - 0 - 0 - 0 - 0 - 0 - 0 - 0 - 0 - 0 - 0 - 0 - 0 - 0 - 0 - 0 - 0 - 0 - 0 - 0 - 0 - 0 - 0 - 0 - 0 - 0 - 0 - 0 - 0 - 0 - 0 - 0 - 0 - 0 - 0 - 0 - 0 - 0 - 0 - 0 - 0 - 0 - 0 - 0 - 
NODE # 9 Variance: 0 SIM TIME: 2000
NODE # 9 is STABLE at # 2000 with Samples:
0 - 0 - 0 - 0 - 0 - 0 - 0 - 0 - 0 - 0 - 0 - 0 - 0 - 0 - 0 - 0 - 0 - 0 - 0 - 0 - 0 - 0 - 0 - 0 - 0 - 0 - 0 - 0 - 0 - 0 - 0 - 0 - 0 - 0 - 0 - 0 - 0 - 0 - 0 - 0 - 0 - 0 - 0 - 0 - 0 - 0 - 0 - 0 - 0 - 0 - 0 - 0 - 0 - 0 - 0 - 0 - 0 - 0 - 0 - 0 - 0 - 0 - 0 - 0 - 0 - 0 - 0 - 0 - 0 - 0 - 0 - 0 - 0 - 0 - 0 - 0 - 0 - 0 - 0 - 0 - 0 - 0 - 0 - 0 - 0 - 0 - 0 - 0 - 0 - 0 - 0 - 0 - 0 - 0 - 0 - 0 - 0 - 0 - 0 - 0 - 
NODE # 10 Variance: 0 SIM TIME: 2000
NODE # 10 is STABLE at # 2000 with Samples:
0 - 0 - 0 - 0 - 0 - 0 - 0 - 0 - 0 - 0 - 0 - 0 - 0 - 0 - 0 - 0 - 0 - 0 - 0 - 0 - 0 - 0 - 0 - 0 - 0 - 0 - 0 - 0 - 0 - 0 - 0 - 0 - 0 - 0 - 0 - 0 - 0 - 0 - 0 - 0 - 0 - 0 - 0 - 0 - 0 - 0 - 0 - 0 - 0 - 0 - 0 - 0 - 0 - 0 - 0 - 0 - 0 - 0 - 0 - 0 - 0 - 0 - 0 - 0 - 0 - 0 - 0 - 0 - 0 - 0 - 0 - 0 - 0 - 0 - 0 - 0 - 0 - 0 - 0 - 0 - 0 - 0 - 0 - 0 - 0 - 0 - 0 - 0 - 0 - 0 - 0 - 0 - 0 - 0 - 0 - 0 - 0 - 0 - 0 - 0 - 
NODE # 11 Variance: 0 SIM TIME: 2000
NODE # 11 is STABLE at # 2000 with Samples:
0 - 0 - 0 - 0 - 0 - 0 - 0 - 0 - 0 - 0 - 0 - 0 - 0 - 0 - 0 - 0 - 0 - 0 - 0 - 0 - 0 - 0 - 0 - 0 - 0 - 0 - 0 - 0 - 0 - 0 - 0 - 0 - 0 - 0 - 0 - 0 - 0 - 0 - 0 - 0 - 0 - 0 - 0 - 0 - 0 - 0 - 0 - 0 - 0 - 0 - 0 - 0 - 0 - 0 - 0 - 0 - 0 - 0 - 0 - 0 - 0 - 0 - 0 - 0 - 0 - 0 - 0 - 0 - 0 - 0 - 0 - 0 - 0 - 0 - 0 - 0 - 0 - 0 - 0 - 0 - 0 - 0 - 0 - 0 - 0 - 0 - 0 - 0 - 0 - 0 - 0 - 0 - 0 - 0 - 0 - 0 - 0 - 0 - 0 - 0 - 
NODE # 12 Variance: 0 SIM TIME: 2000
NODE # 12 is STABLE at # 2000 with Samples:
0 - 0 - 0 - 0 - 0 - 0 - 0 - 0 - 0 - 0 - 0 - 0 - 0 - 0 - 0 - 0 - 0 - 0 - 0 - 0 - 0 - 0 - 0 - 0 - 0 - 0 - 0 - 0 - 0 - 0 - 0 - 0 - 0 - 0 - 0 - 0 - 0 - 0 - 0 - 0 - 0 - 0 - 0 - 0 - 0 - 0 - 0 - 0 - 0 - 0 - 0 - 0 - 0 - 0 - 0 - 0 - 0 - 0 - 0 - 0 - 0 - 0 - 0 - 0 - 0 - 0 - 0 - 0 - 0 - 0 - 0 - 0 - 0 - 0 - 0 - 0 - 0 - 0 - 0 - 0 - 0 - 0 - 0 - 0 - 0 - 0 - 0 - 0 - 0 - 0 - 0 - 0 - 0 - 0 - 0 - 0 - 0 - 0 - 0 - 0 - 
NODE # 13 Variance: 0 SIM TIME: 2000
NODE # 13 is STABLE at # 2000 with Samples:
0 - 0 - 0 - 0 - 0 - 0 - 0 - 0 - 0 - 0 - 0 - 0 - 0 - 0 - 0 - 0 - 0 - 0 - 0 - 0 - 0 - 0 - 0 - 0 - 0 - 0 - 0 - 0 - 0 - 0 - 0 - 0 - 0 - 0 - 0 - 0 - 0 - 0 - 0 - 0 - 0 - 0 - 0 - 0 - 0 - 0 - 0 - 0 - 0 - 0 - 0 - 0 - 0 - 0 - 0 - 0 - 0 - 0 - 0 - 0 - 0 - 0 - 0 - 0 - 0 - 0 - 0 - 0 - 0 - 0 - 0 - 0 - 0 - 0 - 0 - 0 - 0 - 0 - 0 - 0 - 0 - 0 - 0 - 0 - 0 - 0 - 0 - 0 - 0 - 0 - 0 - 0 - 0 - 0 - 0 - 0 - 0 - 0 - 0 - 0 - 
NODE # 14 Variance: 0 SIM TIME: 2000
NODE # 14 is STABLE at # 2000 with Samples:
0 - 0 - 0 - 0 - 0 - 0 - 0 - 0 - 0 - 0 - 0 - 0 - 0 - 0 - 0 - 0 - 0 - 0 - 0 - 0 - 0 - 0 - 0 - 0 - 0 - 0 - 0 - 0 - 0 - 0 - 0 - 0 - 0 - 0 - 0 - 0 - 0 - 0 - 0 - 0 - 0 - 0 - 0 - 0 - 0 - 0 - 0 - 0 - 0 - 0 - 0 - 0 - 0 - 0 - 0 - 0 - 0 - 0 - 0 - 0 - 0 - 0 - 0 - 0 - 0 - 0 - 0 - 0 - 0 - 0 - 0 - 0 - 0 - 0 - 0 - 0 - 0 - 0 - 0 - 0 - 0 - 0 - 0 - 0 - 0 - 0 - 0 - 0 - 0 - 0 - 0 - 0 - 0 - 0 - 0 - 0 - 0 - 0 - 0 - 0 - 
**##**  ACTIVE NODES BTW STABLES:	0
NODE # 10 Variance: 0 SIM TIME: 4000
NODE # 10 is STABLE at # 4000 with Samples:
0 - 0 - 0 - 0 - 0 - 0 - 0 - 0 - 0 - 0 - 0 - 0 - 0 - 0 - 0 - 0 - 0 - 0 - 0 - 0 - 0 - 0 - 0 - 0 - 0 - 0 - 0 - 0 - 0 - 0 - 0 - 0 - 0 - 0 - 0 - 0 - 0 - 0 - 0 - 0 - 0 - 0 - 0 - 0 - 0 - 0 - 0 - 0 - 0 - 0 - 0 - 0 - 0 - 0 - 0 - 0 - 0 - 0 - 0 - 0 - 0 - 0 - 0 - 0 - 0 - 0 - 0 - 0 - 0 - 0 - 0 - 0 - 0 - 0 - 0 - 0 - 0 - 0 - 0 - 0 - 0 - 0 - 0 - 0 - 0 - 0 - 0 - 0 - 0 - 0 - 0 - 0 - 0 - 0 - 0 - 0 - 0 - 0 - 0 - 0 - 
NODE # 12 Variance: 0 SIM TIME: 4000
NODE # 12 is STABLE at # 4000 with Samples:
0 - 0 - 0 - 0 - 0 - 0 - 0 - 0 - 0 - 0 - 0 - 0 - 0 - 0 - 0 - 0 - 0 - 0 - 0 - 0 - 0 - 0 - 0 - 0 - 0 - 0 - 0 - 0 - 0 - 0 - 0 - 0 - 0 - 0 - 0 - 0 - 0 - 0 - 0 - 0 - 0 - 0 - 0 - 0 - 0 - 0 - 0 - 0 - 0 - 0 - 0 - 0 - 0 - 0 - 0 - 0 - 0 - 0 - 0 - 0 - 0 - 0 - 0 - 0 - 0 - 0 - 0 - 0 - 0 - 0 - 0 - 0 - 0 - 0 - 0 - 0 - 0 - 0 - 0 - 0 - 0 - 0 - 0 - 0 - 0 - 0 - 0 - 0 - 0 - 0 - 0 - 0 - 0 - 0 - 0 - 0 - 0 - 0 - 0 - 0 - 
NODE # 14 Variance: 0 SIM TIME: 4000
NODE # 14 is STABLE at # 4000 with Samples:
0 - 0 - 0 - 0 - 0 - 0 - 0 - 0 - 0 - 0 - 0 - 0 - 0 - 0 - 0 - 0 - 0 - 0 - 0 - 0 - 0 - 0 - 0 - 0 - 0 - 0 - 0 - 0 - 0 - 0 - 0 - 0 - 0 - 0 - 0 - 0 - 0 - 0 - 0 - 0 - 0 - 0 - 0 - 0 - 0 - 0 - 0 - 0 - 0 - 0 - 0 - 0 - 0 - 0 - 0 - 0 - 0 - 0 - 0 - 0 - 0 - 0 - 0 - 0 - 0 - 0 - 0 - 0 - 0 - 0 - 0 - 0 - 0 - 0 - 0 - 0 - 0 - 0 - 0 - 0 - 0 - 0 - 0 - 0 - 0 - 0 - 0 - 0 - 0 - 0 - 0 - 0 - 0 - 0 - 0 - 0 - 0 - 0 - 0 - 0 - 
NODE # 9 Variance: 0.102588 SIM TIME: 124180
NODE # 0 Variance: 0.0032771 SIM TIME: 127880
** Event #2315008   T=138972   Elapsed: 2.000s (0m 02s)
     Speed:     ev/sec=1.1575e+06   simsec/sec=69486   ev/simsec=16.6581
     Messages:  created: 1011   present: 93   in FES: 32
NODE # 2 Variance: 0.00430046 SIM TIME: 186200
NODE # 4 Variance: 0.00532953 SIM TIME: 188120
NODE # 8 Variance: 0.0869143 SIM TIME: 223080
NODE # 1 Variance: 0.002762 SIM TIME: 234600
NODE # 11 Variance: 0.0759396 SIM TIME: 237120
** Event #4319232   T=259283   Elapsed: 4.000s (0m 04s)
     Speed:     ev/sec=1.00211e+06   simsec/sec=60155.5   ev/simsec=16.6587
     Messages:  created: 1857   present: 93   in FES: 32
NODE # 0 Variance: 1.44757e-05 SIM TIME: 295980
NODE # 0 is STABLE at # 295980 with Samples:
0.0428571 - 0.0422535 - 0.0416667 - 0.0410959 - 0.0405405 - 0.04 - 0.0394737 - 0.038961 - 0.0512821 - 0.0506329 - 0.05 - 0.0493827 - 0.0487805 - 0.0481928 - 0.047619 - 0.0470588 - 0.0465116 - 0.045977 - 0.0454545 - 0.0449438 - 0.0444444 - 0.043956 - 0.0434783 - 0.0430108 - 0.0425532 - 0.0421053 - 0.0416667 - 0.0412371 - 0.0408163 - 0.040404 - 0.04 - 0.039604 - 0.0392157 - 0.038835 - 0.0480769 - 0.047619 - 0.0471698 - 0.046729 - 0.0462963 - 0.0458716 - 0.0454545 - 0.0446429 - 0.0442478 - 0.0438596 - 0.0434783 - 0.0431034 - 0.042735 - 0.0423729 - 0.0420168 - 0.0416667 - 0.0413223 - 0.0409836 - 0.0406504 - 0.0403226 - 0.04 - 0.0396825 - 0.0393701 - 0.0390625 - 0.0387597 - 0.0384615 - 0.0381679 - 0.0378788 - 0.037594 - 0.0373134 - 0.037037 - 0.0367647 - 0.0364964 - 0.0362319 - 0.0359712 - 0.0428571 - 0.0425532 - 0.0422535 - 0.041958 - 0.0416667 - 0.0413793 - 0.0410959 - 0.0408163 - 0.0405405 - 0.0402685 - 0.04 - 0.0397351 - 0.0394737 - 0.0392157 - 0.038961 - 0.0387097 - 0.0384615 - 0.0382166 - 0.0379747 - 0.0377358 - 0.0375 - 0.0372671 - 0.037037 - 0.0368098 - 0.0365854 - 0.0363636 - 0.0361446 - 0.0359281 - 0.0357143 - 0.035503 - 0.0352941 - 
NODE # 5 Variance: 0.00505939 SIM TIME: 295980
NODE # 7 Variance: 0.0789606 SIM TIME: 314380
NODE # 13 Variance: 0.0611525 SIM TIME: 316300
** Event #6383872   T=383225   Elapsed: 6.000s (0m 06s)
     Speed:     ev/sec=1.03232e+06   simsec/sec=61971   ev/simsec=16.6581
     Messages:  created: 2683   present: 93   in FES: 32
NODE # 3 Variance: 0.00286263 SIM TIME: 422340
NODE # 6 Variance: 0.00264868 SIM TIME: 423700
** Event #8442624   T=506814   Elapsed: 8.000s (0m 08s)
     Speed:     ev/sec=1.02938e+06   simsec/sec=61794.5   ev/simsec=16.6581
     Messages:  created: 3475   present: 93   in FES: 32
NODE # 2 Variance: 3.37508e-05 SIM TIME: 562720
NODE # 9 Variance: 0.00117123 SIM TIME: 576040
NODE # 1 Variance: 8.27404e-06 SIM TIME: 584540
** Event #10588672   T=635647   Elapsed: 10.000s (0m 10s)
     Speed:     ev/sec=1.07302e+06   simsec/sec=64416.5   ev/simsec=16.6576
     Messages:  created: 4263   present: 93   in FES: 32
NODE # 11 Variance: 0.000273456 SIM TIME: 745960
NODE # 11 is STABLE at # 745960 with Samples:
0.641509 - 0.648148 - 0.636364 - 0.625 - 0.631579 - 0.637931 - 0.644068 - 0.633333 - 0.639344 - 0.629032 - 0.619048 - 0.609375 - 0.615385 - 0.606061 - 0.597015 - 0.602941 - 0.594203 - 0.585714 - 0.591549 - 0.583333 - 0.575342 - 0.581081 - 0.586667 - 0.578947 - 0.584416 - 0.589744 - 0.594937 - 0.5875 - 0.580247 - 0.585366 - 0.590361 - 0.595238 - 0.588235 - 0.581395 - 0.586207 - 0.590909 - 0.58427 - 0.588889 - 0.582418 - 0.586957 - 0.591398 - 0.585106 - 0.589474 - 0.59375 - 0.597938 - 0.602041 - 0.59596 - 0.59 - 0.584158 - 0.578431 - 0.582524 - 0.586538 - 0.590476 - 0.59434 - 0.598131 - 0.601852 - 0.59633 - 0.590909 - 0.585586 - 0.589286 - 0.59292 - 0.587719 - 0.591304 - 0.586207 - 0.581197 - 0.584746 - 0.591667 - 0.595041 - 0.598361 - 0.601626 - 0.596774 - 0.592 - 0.595238 - 0.590551 - 0.59375 - 0.596899 - 0.592308 - 0.59542 - 0.598485 - 0.601504 - 0.604478 - 0.607407 - 0.610294 - 0.605839 - 0.608696 - 0.611511 - 0.614286 - 0.617021 - 0.619718 - 0.622378 - 0.618056 - 0.613793 - 0.616438 - 0.619048 - 0.614865 - 0.610738 - 0.613333 - 0.609272 - 0.605263 - 0.607843 - 
** Event #12720128   T=763602   Elapsed: 12.000s (0m 12s)
     Speed:     ev/sec=1.06573e+06   simsec/sec=63977.5   ev/simsec=16.6579
     Messages:  created: 5063   present: 93   in FES: 32
NODE # 8 Variance: 0.00038424 SIM TIME: 839160
NODE # 8 is STABLE at # 839160 with Samples:
0.649123 - 0.655172 - 0.644068 - 0.65 - 0.655738 - 0.645161 - 0.650794 - 0.65625 - 0.661538 - 0.666667 - 0.656716 - 0.661765 - 0.652174 - 0.642857 - 0.647887 - 0.652778 - 0.643836 - 0.635135 - 0.64 - 0.644737 - 0.649351 - 0.641026 - 0.64557 - 0.65 - 0.654321 - 0.658537 - 0.662651 - 0.666667 - 0.670588 - 0.674419 - 0.678161 - 0.681818 - 0.685393 - 0.688889 - 0.692308 - 0.695652 - 0.688172 - 0.691489 - 0.694737 - 0.6875 - 0.680412 - 0.683673 - 0.686869 - 0.69 - 0.683168 - 0.686275 - 0.68932 - 0.692308 - 0.695238 - 0.698113 - 0.700935 - 0.703704 - 0.706422 - 0.709091 - 0.711712 - 0.714286 - 0.707965 - 0.710526 - 0.713043 - 0.706897 - 0.700855 - 0.694915 - 0.689076 - 0.683333 - 0.677686 - 0.680328 - 0.682927 - 0.677419 - 0.672 - 0.674603 - 0.677165 - 0.671875 - 0.674419 - 0.669231 - 0.671756 - 0.674242 - 0.676692 - 0.679104 - 0.674074 - 0.669118 - 0.664234 - 0.65942 - 0.654676 - 0.657143 - 0.659574 - 0.661972 - 0.664336 - 0.659722 - 0.662069 - 0.657534 - 0.659864 - 0.662162 - 0.66443 - 0.666667 - 0.668874 - 0.664474 - 0.660131 - 0.655844 - 0.658065 - 0.653846 - 
NODE # 7 Variance: 0.000532662 SIM TIME: 845000
NODE # 7 is STABLE at # 845000 with Samples:
0.530303 - 0.522388 - 0.529412 - 0.521739 - 0.514286 - 0.521127 - 0.527778 - 0.520548 - 0.527027 - 0.533333 - 0.526316 - 0.532468 - 0.538462 - 0.544304 - 0.55 - 0.555556 - 0.54878 - 0.554217 - 0.547619 - 0.552941 - 0.55814 - 0.563218 - 0.556818 - 0.561798 - 0.555556 - 0.56044 - 0.565217 - 0.569892 - 0.574468 - 0.578947 - 0.583333 - 0.587629 - 0.581633 - 0.575758 - 0.58 - 0.584158 - 0.588235 - 0.592233 - 0.596154 - 0.6 - 0.59434 - 0.598131 - 0.592593 - 0.59633 - 0.590909 - 0.594595 - 0.589286 - 0.59292 - 0.587719 - 0.582609 - 0.586207 - 0.589744 - 0.59322 - 0.588235 - 0.591667 - 0.595041 - 0.590164 - 0.593496 - 0.596774 - 0.6 - 0.595238 - 0.590551 - 0.585938 - 0.589147 - 0.592308 - 0.587786 - 0.583333 - 0.578947 - 0.58209 - 0.577778 - 0.580882 - 0.583942 - 0.586957 - 0.582734 - 0.585714 - 0.588652 - 0.584507 - 0.587413 - 0.590278 - 0.586207 - 0.589041 - 0.591837 - 0.594595 - 0.590604 - 0.593333 - 0.589404 - 0.592105 - 0.594771 - 0.590909 - 0.593548 - 0.596154 - 0.592357 - 0.594937 - 0.591195 - 0.5875 - 0.583851 - 0.58642 - 0.582822 - 0.579268 - 0.581818 - 
NODE # 13 Variance: 0.000469459 SIM TIME: 857020
NODE # 13 is STABLE at # 857020 with Samples:
0.558824 - 0.565217 - 0.557143 - 0.56338 - 0.569444 - 0.561644 - 0.567568 - 0.573333 - 0.578947 - 0.571429 - 0.564103 - 0.56962 - 0.575 - 0.567901 - 0.573171 - 0.578313 - 0.571429 - 0.576471 - 0.569767 - 0.563218 - 0.568182 - 0.573034 - 0.577778 - 0.582418 - 0.586957 - 0.591398 - 0.585106 - 0.589474 - 0.59375 - 0.597938 - 0.591837 - 0.59596 - 0.6 - 0.594059 - 0.598039 - 0.601942 - 0.605769 - 0.609524 - 0.613208 - 0.616822 - 0.62037 - 0.623853 - 0.627273 - 0.621622 - 0.625 - 0.628319 - 0.631579 - 0.626087 - 0.62069 - 0.623932 - 0.627119 - 0.630252 - 0.625 - 0.628099 - 0.631148 - 0.626016 - 0.629032 - 0.632 - 0.634921 - 0.629921 - 0.625 - 0.627907 - 0.623077 - 0.618321 - 0.621212 - 0.616541 - 0.619403 - 0.622222 - 0.625 - 0.620438 - 0.615942 - 0.611511 - 0.614286 - 0.617021 - 0.612676 - 0.615385 - 0.611111 - 0.613793 - 0.609589 - 0.612245 - 0.608108 - 0.604027 - 0.6 - 0.602649 - 0.598684 - 0.594771 - 0.590909 - 0.593548 - 0.589744 - 0.592357 - 0.594937 - 0.597484 - 0.6 - 0.602484 - 0.598765 - 0.595092 - 0.591463 - 0.593939 - 0.590361 - 0.592814 - 
NODE # 4 Variance: 8.22535e-05 SIM TIME: 869420
NODE # 2 Variance: 4.83278e-06 SIM TIME: 886060
NODE # 2 is STABLE at # 886060 with Samples:
0.0299401 - 0.0297619 - 0.0295858 - 0.0294118 - 0.0292398 - 0.0290698 - 0.0289017 - 0.0344828 - 0.0342857 - 0.0340909 - 0.039548 - 0.0393258 - 0.0391061 - 0.0388889 - 0.038674 - 0.0384615 - 0.0382514 - 0.0380435 - 0.0378378 - 0.0376344 - 0.0374332 - 0.037234 - 0.037037 - 0.0368421 - 0.0366492 - 0.0364583 - 0.0362694 - 0.0360825 - 0.0358974 - 0.0357143 - 0.035533 - 0.0353535 - 0.0351759 - 0.035 - 0.0348259 - 0.0346535 - 0.0344828 - 0.0343137 - 0.0341463 - 0.0339806 - 0.0338164 - 0.0336538 - 0.0334928 - 0.0333333 - 0.0331754 - 0.0330189 - 0.0328638 - 0.0327103 - 0.0325581 - 0.037037 - 0.0368664 - 0.0366972 - 0.0365297 - 0.0363636 - 0.0361991 - 0.036036 - 0.0358744 - 0.0357143 - 0.0355556 - 0.0353982 - 0.0352423 - 0.0350877 - 0.0349345 - 0.0347826 - 0.034632 - 0.0344828 - 0.0343348 - 0.034188 - 0.0340426 - 0.0338983 - 0.0337553 - 0.0336134 - 0.0334728 - 0.0333333 - 0.033195 - 0.0330579 - 0.037037 - 0.0368852 - 0.0367347 - 0.0365854 - 0.0364372 - 0.0362903 - 0.0361446 - 0.036 - 0.0358566 - 0.0357143 - 0.0355731 - 0.0354331 - 0.0352941 - 0.0351562 - 0.0350195 - 0.0348837 - 0.034749 - 0.0346154 - 0.0344828 - 0.0343511 - 0.0342205 - 0.0340909 - 0.0339623 - 0.0338346 - 
** Event #14773504   T=886865   Elapsed: 14.000s (0m 14s)
     Speed:     ev/sec=1.02669e+06   simsec/sec=61631.5   ev/simsec=16.6585
     Messages:  created: 5925   present: 93   in FES: 32
NODE # 5 Variance: 3.85181e-05 SIM TIME: 903860
NODE # 1 Variance: 2.12667e-06 SIM TIME: 955940
NODE # 1 is STABLE at # 955940 with Samples:
0.0180723 - 0.0179641 - 0.0178571 - 0.0177515 - 0.0176471 - 0.0175439 - 0.0174419 - 0.017341 - 0.0172414 - 0.0171429 - 0.0170455 - 0.0169492 - 0.0168539 - 0.0167598 - 0.0166667 - 0.0165746 - 0.0164835 - 0.0163934 - 0.0163043 - 0.0162162 - 0.016129 - 0.0160428 - 0.0159574 - 0.015873 - 0.0157895 - 0.0157068 - 0.015625 - 0.015544 - 0.0154639 - 0.0153846 - 0.0153061 - 0.0152284 - 0.0151515 - 0.0201005 - 0.02 - 0.0199005 - 0.019802 - 0.0197044 - 0.0196078 - 0.0195122 - 0.0194175 - 0.0193237 - 0.0192308 - 0.0191388 - 0.0190476 - 0.0189573 - 0.0188679 - 0.0187793 - 0.0186916 - 0.0186047 - 0.0185185 - 0.0184332 - 0.0183486 - 0.0182648 - 0.0181818 - 0.0180995 - 0.018018 - 0.0179372 - 0.0178571 - 0.0177778 - 0.0176991 - 0.0176211 - 0.0175439 - 0.0174672 - 0.0173913 - 0.017316 - 0.0172414 - 0.0171674 - 0.017094 - 0.0170213 - 0.0169492 - 0.0168776 - 0.0168067 - 0.0167364 - 0.0166667 - 0.0165975 - 0.0165289 - 0.0164609 - 0.0163934 - 0.0204082 - 0.0203252 - 0.0202429 - 0.0201613 - 0.0200803 - 0.02 - 0.0199203 - 0.0198413 - 0.0197628 - 0.019685 - 0.0196078 - 0.0195312 - 0.0194553 - 0.0193798 - 0.019305 - 0.0192308 - 0.0191571 - 0.019084 - 0.0190114 - 0.0189394 - 0.0188679 - 
** Event #16728320   T=1004207   Elapsed: 16.000s (0m 16s)
     Speed:     ev/sec=977408   simsec/sec=58671   ev/simsec=16.6591
     Messages:  created: 6803   present: 93   in FES: 32
NODE # 9 Variance: 8.32606e-05 SIM TIME: 1095660
NODE # 9 is STABLE at # 1095660 with Samples:
0.56 - 0.563492 - 0.566929 - 0.5625 - 0.565891 - 0.561538 - 0.564885 - 0.568182 - 0.571429 - 0.574627 - 0.577778 - 0.580882 - 0.583942 - 0.57971 - 0.57554 - 0.578571 - 0.58156 - 0.577465 - 0.58042 - 0.576389 - 0.57931 - 0.575342 - 0.578231 - 0.574324 - 0.57047 - 0.573333 - 0.569536 - 0.572368 - 0.575163 - 0.571429 - 0.574194 - 0.570513 - 0.573248 - 0.575949 - 0.578616 - 0.575 - 0.57764 - 0.580247 - 0.582822 - 0.579268 - 0.581818 - 0.578313 - 0.57485 - 0.577381 - 0.573964 - 0.576471 - 0.573099 - 0.569767 - 0.572254 - 0.574713 - 0.577143 - 0.579545 - 0.576271 - 0.578652 - 0.581006 - 0.583333 - 0.585635 - 0.582418 - 0.579235 - 0.576087 - 0.572973 - 0.569892 - 0.566845 - 0.569149 - 0.571429 - 0.568421 - 0.570681 - 0.572917 - 0.57513 - 0.57732 - 0.579487 - 0.576531 - 0.57868 - 0.580808 - 0.582915 - 0.585 - 0.58209 - 0.579208 - 0.581281 - 0.583333 - 0.580488 - 0.582524 - 0.584541 - 0.586538 - 0.588517 - 0.585714 - 0.587678 - 0.589623 - 0.591549 - 0.593458 - 0.595349 - 0.597222 - 0.599078 - 0.59633 - 0.598174 - 0.6 - 0.597285 - 0.599099 - 0.600897 - 0.602679 - 
**##**  ACTIVE NODES BTW STABLES:	8
*** FULL STABLE ***
Node # 0 pHit: 0.022293
Node # 1 pHit: 0.0196078
Node # 2 pHit: 0.0295858
Node # 3 pHit: 0.04375
Node # 4 pHit: 0.0377358
Node # 5 pHit: 0.037234
Node # 6 pHit: 0.0308642
Node # 7 pHit: 0.584112
Node # 8 pHit: 0.653659
Node # 9 pHit: 0.602679
Node # 10 pHit: 0.633508
Node # 11 pHit: 0.575221
Node # 12 pHit: 0.606838
Node # 13 pHit: 0.608108
Node # 14 pHit: 0.635922
SIMULATION - Total MEAN HIT PROB AFTER STABILIZATION: 0.341408
Number of Active Nodes 1: 15
SIMULATION - Stabilization reached at: 1095660
Execution time of the STABILIZATION [ms]: 17535
stabilization_time: 1.09566e+06
** Event #18727424   T=1124300   Elapsed: 18.000s (0m 18s)
     Speed:     ev/sec=999552   simsec/sec=60046.5   ev/simsec=16.6463
     Messages:  created: 7601   present: 93   in FES: 32
** Event #20726272   T=1244650   Elapsed: 20.000s (0m 20s)
     Speed:     ev/sec=999424   simsec/sec=60175   ev/simsec=16.6086
     Messages:  created: 8445   present: 93   in FES: 32
** Event #22790656   T=1368948   Elapsed: 22.001s (0m 22s)
     Speed:     ev/sec=1.03219e+06   simsec/sec=62149   ev/simsec=16.6083
     Messages:  created: 9291   present: 93   in FES: 32
** Event #24896768   T=1495765   Elapsed: 24.001s (0m 24s)
     Speed:     ev/sec=1.05306e+06   simsec/sec=63408.5   ev/simsec=16.6075
     Messages:  created: 10059   present: 93   in FES: 32
** Event #26985472   T=1621534   Elapsed: 26.001s (0m 26s)
     Speed:     ev/sec=1.04435e+06   simsec/sec=62884.5   ev/simsec=16.6075
     Messages:  created: 10833   present: 93   in FES: 32
** Event #29054208   T=1746093   Elapsed: 28.001s (0m 28s)
     Speed:     ev/sec=1.03437e+06   simsec/sec=62279.5   ev/simsec=16.6085
     Messages:  created: 11677   present: 93   in FES: 32
** Event #31001344   T=1863322   Elapsed: 30.001s (0m 30s)
     Speed:     ev/sec=973568   simsec/sec=58614.5   ev/simsec=16.6097
     Messages:  created: 12601   present: 93   in FES: 32
** Event #33067776   T=1987744   Elapsed: 32.001s (0m 32s)
     Speed:     ev/sec=1.03322e+06   simsec/sec=62211   ev/simsec=16.6083
     Messages:  created: 13429   present: 93   in FES: 32
** Event #35146240   T=2112885   Elapsed: 34.001s (0m 34s)
     Speed:     ev/sec=1.03923e+06   simsec/sec=62570.5   ev/simsec=16.609
     Messages:  created: 14331   present: 93   in FES: 32
** Event #37203200   T=2236738   Elapsed: 36.001s (0m 36s)
     Speed:     ev/sec=1.02848e+06   simsec/sec=61926.5   ev/simsec=16.6081
     Messages:  created: 15137   present: 93   in FES: 32
** Event #39209216   T=2357519   Elapsed: 38.001s (0m 38s)
     Speed:     ev/sec=1.00301e+06   simsec/sec=60390.5   ev/simsec=16.6087
     Messages:  created: 16001   present: 93   in FES: 32
** Event #41126400   T=2472944   Elapsed: 40.002s (0m 40s)
     Speed:     ev/sec=958592   simsec/sec=57712.5   ev/simsec=16.6098
     Messages:  created: 16913   present: 93   in FES: 32
** Event #43116288   T=2592755   Elapsed: 42.002s (0m 42s)
     Speed:     ev/sec=994944   simsec/sec=59905.5   ev/simsec=16.6086
     Messages:  created: 17745   present: 93   in FES: 32
** Event #45186048   T=2717378   Elapsed: 44.002s (0m 44s)
     Speed:     ev/sec=1.03488e+06   simsec/sec=62311.5   ev/simsec=16.6082
     Messages:  created: 18565   present: 93   in FES: 32
** Event #47211008   T=2839303   Elapsed: 46.002s (0m 46s)
     Speed:     ev/sec=1.01248e+06   simsec/sec=60962.5   ev/simsec=16.6082
     Messages:  created: 19387   present: 93   in FES: 32
** Event #49274880   T=2963570   Elapsed: 48.002s (0m 48s)
     Speed:     ev/sec=1.03194e+06   simsec/sec=62133.5   ev/simsec=16.6084
     Messages:  created: 20241   present: 93   in FES: 32
** Event #51311104   T=3086174   Elapsed: 50.002s (0m 50s)
     Speed:     ev/sec=1.01811e+06   simsec/sec=61302   ev/simsec=16.6081
     Messages:  created: 21039   present: 93   in FES: 32
** Event #53391104   T=3211419   Elapsed: 52.003s (0m 52s)
     Speed:     ev/sec=1.04e+06   simsec/sec=62622.5   ev/simsec=16.6074
     Messages:  created: 21797   present: 93   in FES: 32
** Event #55491072   T=3337858   Elapsed: 54.003s (0m 54s)
     Speed:     ev/sec=1.04998e+06   simsec/sec=63219.5   ev/simsec=16.6085
     Messages:  created: 22677   present: 93   in FES: 32
** Event #57487616   T=3458070   Elapsed: 56.003s (0m 56s)
     Speed:     ev/sec=998272   simsec/sec=60106   ev/simsec=16.6085
     Messages:  created: 23517   present: 93   in FES: 32
** Event #59613952   T=3586105   Elapsed: 58.003s (0m 58s)
     Speed:     ev/sec=1.06317e+06   simsec/sec=64017.5   ev/simsec=16.6075
     Messages:  created: 24291   present: 93   in FES: 32
** Event #61607168   T=3706113   Elapsed: 60.003s (1m 00s)
     Speed:     ev/sec=996608   simsec/sec=60004   ev/simsec=16.609
     Messages:  created: 25177   present: 93   in FES: 32
** Event #63589888   T=3825489   Elapsed: 62.003s (1m 02s)
     Speed:     ev/sec=991360   simsec/sec=59688   ev/simsec=16.609
     Messages:  created: 26041   present: 93   in FES: 32
** Event #65622016   T=3947835   Elapsed: 64.003s (1m 04s)
     Speed:     ev/sec=1.01606e+06   simsec/sec=61173   ev/simsec=16.6097
     Messages:  created: 27001   present: 93   in FES: 32
** Event #67555840   T=4064274   Elapsed: 66.003s (1m 06s)
     Speed:     ev/sec=966912   simsec/sec=58219.5   ev/simsec=16.608
     Messages:  created: 27771   present: 93   in FES: 32
** Event #69580032   T=4186150   Elapsed: 68.003s (1m 08s)
     Speed:     ev/sec=1.0121e+06   simsec/sec=60938   ev/simsec=16.6086
     Messages:  created: 28627   present: 93   in FES: 32
** Event #71663616   T=4311605   Elapsed: 70.004s (1m 10s)
     Speed:     ev/sec=1.04179e+06   simsec/sec=62727.5   ev/simsec=16.6082
     Messages:  created: 29445   present: 93   in FES: 32
** Event #73633536   T=4430210   Elapsed: 72.004s (1m 12s)
     Speed:     ev/sec=984960   simsec/sec=59302.5   ev/simsec=16.6091
     Messages:  created: 30329   present: 93   in FES: 32
** Event #75549184   T=4545546   Elapsed: 74.004s (1m 14s)
     Speed:     ev/sec=957824   simsec/sec=57668   ev/simsec=16.6093
     Messages:  created: 31213   present: 93   in FES: 32
** Event #77509120   T=4663553   Elapsed: 76.004s (1m 16s)
     Speed:     ev/sec=979968   simsec/sec=59003.5   ev/simsec=16.6086
     Messages:  created: 32055   present: 93   in FES: 32
** Event #79488512   T=4782734   Elapsed: 78.004s (1m 18s)
     Speed:     ev/sec=989696   simsec/sec=59590.5   ev/simsec=16.6083
     Messages:  created: 32859   present: 93   in FES: 32
** Event #81480192   T=4902646   Elapsed: 80.004s (1m 20s)
     Speed:     ev/sec=995840   simsec/sec=59956   ev/simsec=16.6095
     Messages:  created: 33781   present: 93   in FES: 32
** Event #83518720   T=5025388   Elapsed: 82.004s (1m 22s)
     Speed:     ev/sec=1.01926e+06   simsec/sec=61371   ev/simsec=16.6082
     Messages:  created: 34613   present: 93   in FES: 32
** Event #85536000   T=5146848   Elapsed: 84.004s (1m 24s)
     Speed:     ev/sec=1.00864e+06   simsec/sec=60730   ev/simsec=16.6086
     Messages:  created: 35451   present: 93   in FES: 32
** Event #87472640   T=5263444   Elapsed: 86.004s (1m 26s)
     Speed:     ev/sec=968320   simsec/sec=58298   ev/simsec=16.6098
     Messages:  created: 36389   present: 93   in FES: 32
** Event #89436160   T=5381664   Elapsed: 88.005s (1m 28s)
     Speed:     ev/sec=981760   simsec/sec=59110   ev/simsec=16.609
     Messages:  created: 37253   present: 93   in FES: 32
** Event #91515648   T=5506872   Elapsed: 90.005s (1m 30s)
     Speed:     ev/sec=1.03974e+06   simsec/sec=62604   ev/simsec=16.6083
     Messages:  created: 38091   present: 93   in FES: 32
** Event #93589248   T=5631727   Elapsed: 92.005s (1m 32s)
     Speed:     ev/sec=1.0368e+06   simsec/sec=62427.5   ev/simsec=16.6081
     Messages:  created: 38901   present: 93   in FES: 32
** Event #95754496   T=5762105   Elapsed: 94.005s (1m 34s)
     Speed:     ev/sec=1.08262e+06   simsec/sec=65189   ev/simsec=16.6075
     Messages:  created: 39681   present: 93   in FES: 32
** Event #97817600   T=5886325   Elapsed: 96.005s (1m 36s)
     Speed:     ev/sec=1.03155e+06   simsec/sec=62110   ev/simsec=16.6085
     Messages:  created: 40533   present: 93   in FES: 32
** Event #99845376   T=6008417   Elapsed: 98.005s (1m 38s)
     Speed:     ev/sec=1.01389e+06   simsec/sec=61046   ev/simsec=16.6086
     Messages:  created: 41381   present: 93   in FES: 32
** Event #101850880   T=6129163   Elapsed: 100.005s (1m 40s)
     Speed:     ev/sec=1.00275e+06   simsec/sec=60373   ev/simsec=16.6093
     Messages:  created: 42289   present: 93   in FES: 32
** Event #103920640   T=6253782   Elapsed: 102.006s (1m 42s)
     Speed:     ev/sec=1.03488e+06   simsec/sec=62309.5   ev/simsec=16.6087
     Messages:  created: 43161   present: 93   in FES: 32
** Event #105902592   T=6373115   Elapsed: 104.006s (1m 44s)
     Speed:     ev/sec=990976   simsec/sec=59666.5   ev/simsec=16.6086
     Messages:  created: 43981   present: 93   in FES: 32
** Event #107963648   T=6497213   Elapsed: 106.006s (1m 46s)
     Speed:     ev/sec=1.03053e+06   simsec/sec=62049   ev/simsec=16.6083
     Messages:  created: 44819   present: 93   in FES: 32
** Event #110010880   T=6620475   Elapsed: 108.006s (1m 48s)
     Speed:     ev/sec=1.02362e+06   simsec/sec=61631   ev/simsec=16.6088
     Messages:  created: 45687   present: 93   in FES: 32
** Event #112011520   T=6740932   Elapsed: 110.006s (1m 50s)
     Speed:     ev/sec=1.00032e+06   simsec/sec=60228.5   ev/simsec=16.6087
     Messages:  created: 46563   present: 93   in FES: 32
** Event #114008576   T=6861178   Elapsed: 112.006s (1m 52s)
     Speed:     ev/sec=998528   simsec/sec=60123   ev/simsec=16.6081
     Messages:  created: 47355   present: 93   in FES: 32
** Event #116017408   T=6982127   Elapsed: 114.007s (1m 54s)
     Speed:     ev/sec=1.00442e+06   simsec/sec=60474.5   ev/simsec=16.6089
     Messages:  created: 48241   present: 93   in FES: 32
** Event #118039552   T=7103880   Elapsed: 116.007s (1m 56s)
     Speed:     ev/sec=1.01107e+06   simsec/sec=60876.5   ev/simsec=16.6086
     Messages:  created: 49073   present: 93   in FES: 32
** Event #120049920   T=7224925   Elapsed: 118.007s (1m 58s)
     Speed:     ev/sec=1.00518e+06   simsec/sec=60522.5   ev/simsec=16.6084
     Messages:  created: 49915   present: 93   in FES: 32
Execution time of the SIMULATION [ms]: 119895
** Consistency Check on NODE # 0
** Consistency Check on NODE # 1
** Consistency Check on NODE # 2
** Consistency Check on NODE # 7
** Consistency Check on NODE # 8
** Consistency Check on NODE # 9
** Consistency Check on NODE # 11
** Consistency Check on NODE # 13
CYCLE 1 -	NUM of ACTIVE NODES among the PARTIAL_N NODES: 8
 *** SIMULATION ENDED AT CYCLE:	1
** Event #122055044   T=7345660   Elapsed: 119.895s (1m 59s)
     Speed:     ev/sec=1.06204e+06   simsec/sec=63948.6   ev/simsec=16.6076
     Messages:  created: 50657   present: 92   in FES: 31

<!> Module (statistics) tree_network.statistics (id=3) at event #122055044, t=7345660: Simulation stopped with endSimulation().


Calling finish() at end of Run #0...
Num Active Nodes: 15
Num Total Nodes: 15
p_hit/cache: 0.335371
Distance/client: 1.51822
Time/client: 0.00230134
total_cost: 0
total_replicas: 10000
NODE # 0 MAIN CACHE ONLINE AVG ACTUAL SIZE: 9.35415
NODE # 0 MAIN MAX CACHE SIZE: 24
NODE # 0 MAIN CACHE Tc: 16661.4
NODE # 1 MAIN CACHE ONLINE AVG ACTUAL SIZE: 9.51054
NODE # 1 MAIN MAX CACHE SIZE: 22
NODE # 1 MAIN CACHE Tc: 32486.3
NODE # 2 MAIN CACHE ONLINE AVG ACTUAL SIZE: 8.77813
NODE # 2 MAIN MAX CACHE SIZE: 22
NODE # 2 MAIN CACHE Tc: 32484.4
NODE # 3 MAIN CACHE ONLINE AVG ACTUAL SIZE: 9.77991
NODE # 3 MAIN MAX CACHE SIZE: 21
NODE # 3 MAIN CACHE Tc: 63008.5
NODE # 4 MAIN CACHE ONLINE AVG ACTUAL SIZE: 9.39319
NODE # 4 MAIN MAX CACHE SIZE: 21
NODE # 4 MAIN CACHE Tc: 63015.8
NODE # 5 MAIN CACHE ONLINE AVG ACTUAL SIZE: 9.33589
NODE # 5 MAIN MAX CACHE SIZE: 18
NODE # 5 MAIN CACHE Tc: 63013.3
NODE # 6 MAIN CACHE ONLINE AVG ACTUAL SIZE: 9.60993
NODE # 6 MAIN MAX CACHE SIZE: 23
NODE # 6 MAIN CACHE Tc: 63004.9
NODE # 7 MAIN CACHE ONLINE AVG ACTUAL SIZE: 10.1884
NODE # 7 MAIN MAX CACHE SIZE: 18
NODE # 7 MAIN CACHE Tc: 111020
NODE # 8 MAIN CACHE ONLINE AVG ACTUAL SIZE: 9.69908
NODE # 8 MAIN MAX CACHE SIZE: 18
NODE # 8 MAIN CACHE Tc: 111054
NODE # 9 MAIN CACHE ONLINE AVG ACTUAL SIZE: 10.1852
NODE # 9 MAIN MAX CACHE SIZE: 20
NODE # 9 MAIN CACHE Tc: 111043
NODE # 10 MAIN CACHE ONLINE AVG ACTUAL SIZE: 9.63251
NODE # 10 MAIN MAX CACHE SIZE: 20
NODE # 10 MAIN CACHE Tc: 111046
NODE # 11 MAIN CACHE ONLINE AVG ACTUAL SIZE: 9.02143
NODE # 11 MAIN MAX CACHE SIZE: 19
NODE # 11 MAIN CACHE Tc: 111048
NODE # 12 MAIN CACHE ONLINE AVG ACTUAL SIZE: 9.92923
NODE # 12 MAIN MAX CACHE SIZE: 22
NODE # 12 MAIN CACHE Tc: 111028
NODE # 13 MAIN CACHE ONLINE AVG ACTUAL SIZE: 9.41324
NODE # 13 MAIN MAX CACHE SIZE: 19
NODE # 13 MAIN CACHE Tc: 111019
NODE # 14 MAIN CACHE ONLINE AVG ACTUAL SIZE: 8.73597
NODE # 14 MAIN MAX CACHE SIZE: 18
NODE # 14 MAIN CACHE Tc: 111029
undisposed object: (cMessage) tree_network.statistics.stable_check -- check module destructor

End.
